2025-02-23 09:44:54 [信息] [ SectionCode::ParseLibInfo ]               开始解析【支持库】数据
2025-02-23 09:44:54 [信息] [ SectionCode::ParseLibInfo ]               完成解析【支持库】数据
2025-02-23 09:44:54 [信息] [ SectionCode::ParseClasses ]               开始解析【类/程序集】数据
2025-02-23 09:44:54 [信息] [ SectionCode::ParseClasses ]               完成解析【类/程序集】数据
2025-02-23 09:44:54 [信息] [ SectionCode::ParseStructs ]               开始解析【自定义】数据
2025-02-23 09:44:54 [信息] [ SectionCode::ParseStructs ]               完成解析【自定义】数据
2025-02-23 09:44:55 [信息] [ SectionCode::WriteTxtCode ]               开始写出文本代码
2025-02-23 09:44:55 [信息] [ SectionCode::WriteTxtCode ]               正在创建代码目录 [目录] E:/BaiduNetdiskDownload/6.11源码/Source202405211602/Source/后台管理工具2017.代码/代码
2025-02-23 09:44:55 [信息] [ SectionCode::WriteTxtCode ]               开始写出【类/程序集】文本代码
2025-02-23 09:44:55 [信息] [ SectionCode::WriteTxtCode_Class ]         正在写出【窗口程序集】文本代码 [窗口程序集] 窗口程序集_启动窗口
2025-02-23 09:44:55 [信息] [ SectionCode::WriteTxtCode_Class ]         正在写出【程序集】文本代码 [程序集] 模块功能
2025-02-23 09:44:55 [信息] [ SectionCode::WriteTxtCode_Class ]         正在写出【类】文本代码 [类] 若凡授权类
2025-02-23 09:44:55 [信息] [ SectionCode::WriteTxtCode_Class ]         正在写出【窗口程序集】文本代码 [窗口程序集] 窗口程序集_主界面窗口
2025-02-23 09:44:55 [信息] [ SectionCode::WriteTxtCode_Class ]         正在写出【程序集】文本代码 [程序集] HPSocket
2025-02-23 09:44:55 [信息] [ SectionCode::WriteTxtCode_Class ]         正在写出【程序集】文本代码 [程序集] HPSocket_收包
2025-02-23 09:44:55 [信息] [ SectionCode::WriteTxtCode_Class ]         正在写出【程序集】文本代码 [程序集] 网关创建表
2025-02-23 09:44:55 [信息] [ SectionCode::WriteTxtCode_Class ]         正在写出【类】文本代码 [类] 类_json
2025-02-23 09:44:55 [信息] [ SectionCode::WriteTxtCode_Class ]         正在写出【程序集】文本代码 [程序集] __HIDDEN_TEMP_MOD__
2025-02-23 09:44:55 [信息] [ SectionCode::WriteTxtCode_Class ]         正在写出【程序集】文本代码 [程序集] 防破解过期验证
2025-02-23 09:44:55 [信息] [ SectionCode::WriteTxtCode_Class ]         正在写出【窗口程序集】文本代码 [窗口程序集] 窗口程序集_注册激活码生成窗口
2025-02-23 09:44:56 [错误] [ TxtCodeWriter::ParseExpression ]          解析【类型】名称 失败！[支持库] 20993 [数据类型] 1 [类型] 09000000
2025-02-23 09:44:56 [错误] [ TxtCodeWriter::ParseExpression ]          解析【类型】名称 失败！[支持库] 20993 [数据类型] 1 [类型] 07000000
2025-02-23 09:44:56 [错误] [ TxtCodeWriter::ParseExpression ]          解析【类型】名称 失败！[支持库] 20993 [数据类型] 1 [类型] 09000000
2025-02-23 09:44:56 [错误] [ TxtCodeWriter::ParseExpression ]          解析【类型】名称 失败！[支持库] 20993 [数据类型] 1 [类型] 07000000
2025-02-23 09:44:56 [错误] [ TxtCodeWriter::ParseExpression ]          解析【类型】名称 失败！[支持库] 20993 [数据类型] 1 [类型] 09000000
2025-02-23 09:44:56 [错误] [ TxtCodeWriter::ParseExpression ]          解析【类型】名称 失败！[支持库] 20993 [数据类型] 1 [类型] 07000000
2025-02-23 09:44:56 [错误] [ TxtCodeWriter::ParseExpression ]          解析【类型】名称 失败！[支持库] 20993 [数据类型] 1 [类型] 09000000
2025-02-23 09:44:56 [错误] [ TxtCodeWriter::ParseExpression ]          解析【类型】名称 失败！[支持库] 20993 [数据类型] 1 [类型] 07000000
2025-02-23 09:44:56 [信息] [ SectionCode::WriteTxtCode_Class ]         正在写出【窗口程序集】文本代码 [窗口程序集] 窗口程序集_奖励设置管理窗体
2025-02-23 09:44:56 [错误] [ TxtCodeWriter::ParseExpression ]          解析【类型】名称 失败！[支持库] 20994 [数据类型] 1 [类型] 04000000
2025-02-23 09:44:56 [错误] [ TxtCodeWriter::ParseExpression ]          解析【类型】名称 失败！[支持库] 20994 [数据类型] 1 [类型] 03000000
2025-02-23 09:44:56 [信息] [ SectionCode::WriteTxtCode_Class ]         正在写出【窗口程序集】文本代码 [窗口程序集] 窗口程序集_活动管理窗体
2025-02-23 09:44:56 [错误] [ TxtCodeWriter::ParseExpression ]          解析【类型】名称 失败！[支持库] 20994 [数据类型] 1 [类型] 09000000
2025-02-23 09:44:56 [信息] [ SectionCode::WriteTxtCode_Class ]         正在写出【窗口程序集】文本代码 [窗口程序集] 窗口程序集_窗口_套盾
2025-02-23 09:44:56 [信息] [ SectionCode::WriteTxtCode_Class ]         正在写出【程序集】文本代码 [程序集] 凯斯释放数据
2025-02-23 09:44:56 [信息] [ SectionCode::WriteTxtCode_Class ]         正在写出【程序集】文本代码 [程序集] __HIDDEN_TEMP_MOD__
2025-02-23 09:44:56 [信息] [ SectionCode::WriteTxtCode_Class ]         正在写出【程序集】文本代码 [程序集] __HIDDEN_TEMP_MOD__
2025-02-23 09:44:56 [信息] [ SectionCode::WriteTxtCode_Class ]         正在写出【类】文本代码 [类] 正则表达式类
2025-02-23 09:44:56 [信息] [ SectionCode::WriteTxtCode_Class ]         正在写出【程序集】文本代码 [程序集] __HIDDEN_TEMP_MOD__
2025-02-23 09:44:56 [信息] [ SectionCode::WriteTxtCode_Class ]         正在写出【类】文本代码 [类] IWinHttp
2025-02-23 09:44:56 [信息] [ SectionCode::WriteTxtCode_Class ]         正在写出【类】文本代码 [类] IServer
2025-02-23 09:44:56 [信息] [ SectionCode::WriteTxtCode_Class ]         正在写出【类】文本代码 [类] ITcpServer
2025-02-23 09:44:56 [信息] [ SectionCode::WriteTxtCode_Class ]         正在写出【类】文本代码 [类] IUdpServer
2025-02-23 09:44:56 [信息] [ SectionCode::WriteTxtCode_Class ]         正在写出【类】文本代码 [类] ITcpPullServer
2025-02-23 09:44:56 [信息] [ SectionCode::WriteTxtCode_Class ]         正在写出【类】文本代码 [类] ITcpPackServer
2025-02-23 09:44:56 [信息] [ SectionCode::WriteTxtCode_Class ]         正在写出【类】文本代码 [类] IAgent
2025-02-23 09:44:56 [信息] [ SectionCode::WriteTxtCode_Class ]         正在写出【类】文本代码 [类] ITcpAgent
2025-02-23 09:44:56 [信息] [ SectionCode::WriteTxtCode_Class ]         正在写出【类】文本代码 [类] ITcpPullAgent
2025-02-23 09:44:56 [信息] [ SectionCode::WriteTxtCode_Class ]         正在写出【类】文本代码 [类] ITcpPackAgent
2025-02-23 09:44:56 [信息] [ SectionCode::WriteTxtCode_Class ]         正在写出【类】文本代码 [类] IClient
2025-02-23 09:44:56 [信息] [ SectionCode::WriteTxtCode_Class ]         正在写出【类】文本代码 [类] ITcpClient
2025-02-23 09:44:56 [信息] [ SectionCode::WriteTxtCode_Class ]         正在写出【类】文本代码 [类] ITcpPullClient
2025-02-23 09:44:56 [信息] [ SectionCode::WriteTxtCode_Class ]         正在写出【类】文本代码 [类] ITcpPackClient
2025-02-23 09:44:56 [信息] [ SectionCode::WriteTxtCode_Class ]         正在写出【类】文本代码 [类] IUdpClient
2025-02-23 09:44:56 [信息] [ SectionCode::WriteTxtCode_Class ]         正在写出【类】文本代码 [类] IUdpCast
2025-02-23 09:44:56 [信息] [ SectionCode::WriteTxtCode_Class ]         正在写出【类】文本代码 [类] IHttpServer
2025-02-23 09:44:56 [信息] [ SectionCode::WriteTxtCode_Class ]         正在写出【类】文本代码 [类] IHttpAgent
2025-02-23 09:44:56 [信息] [ SectionCode::WriteTxtCode_Class ]         正在写出【类】文本代码 [类] IHttpClient
2025-02-23 09:44:56 [信息] [ SectionCode::WriteTxtCode_Class ]         正在写出【类】文本代码 [类] IHttpSyncClient
2025-02-23 09:44:56 [信息] [ SectionCode::WriteTxtCode_Class ]         正在写出【类】文本代码 [类] IHttpCookie
2025-02-23 09:44:56 [信息] [ SectionCode::WriteTxtCode_Class ]         正在写出【类】文本代码 [类] IThreadPool
2025-02-23 09:44:56 [信息] [ SectionCode::WriteTxtCode_Class ]         正在写出【类】文本代码 [类] IBufferPtr
2025-02-23 09:44:56 [信息] [ SectionCode::WriteTxtCode_Class ]         正在写出【类】文本代码 [类] IUdpArqServer
2025-02-23 09:44:56 [信息] [ SectionCode::WriteTxtCode_Class ]         正在写出【类】文本代码 [类] IUdpArqClient
2025-02-23 09:44:56 [信息] [ SectionCode::WriteTxtCode_Class ]         正在写出【类】文本代码 [类] IUdpNode
2025-02-23 09:44:56 [信息] [ SectionCode::WriteTxtCode_Class ]         正在写出【类】文本代码 [类] IWinHttpEx
2025-02-23 09:44:56 [信息] [ SectionCode::WriteTxtCode_Class ]         正在写出【类】文本代码 [类] ICompressor
2025-02-23 09:44:56 [信息] [ SectionCode::WriteTxtCode_Class ]         正在写出【类】文本代码 [类] IDecompressor
2025-02-23 09:44:56 [信息] [ SectionCode::WriteTxtCode_Class ]         正在写出【类】文本代码 [类] IZLibCompressor
2025-02-23 09:44:56 [信息] [ SectionCode::WriteTxtCode_Class ]         正在写出【类】文本代码 [类] IGZipCompressor
2025-02-23 09:44:56 [信息] [ SectionCode::WriteTxtCode_Class ]         正在写出【类】文本代码 [类] IZLibDecompressor
2025-02-23 09:44:56 [信息] [ SectionCode::WriteTxtCode_Class ]         正在写出【类】文本代码 [类] IGZipDecompressor
2025-02-23 09:44:56 [信息] [ SectionCode::WriteTxtCode_Class ]         正在写出【类】文本代码 [类] IBrotliCompressor
2025-02-23 09:44:56 [信息] [ SectionCode::WriteTxtCode_Class ]         正在写出【类】文本代码 [类] IBrotliDecompressor
2025-02-23 09:44:56 [信息] [ SectionCode::WriteTxtCode_Class ]         正在写出【类】文本代码 [类] IConvert
2025-02-23 09:44:56 [信息] [ SectionCode::WriteTxtCode_Class ]         正在写出【程序集】文本代码 [程序集] __HIDDEN_TEMP_MOD__
2025-02-23 09:44:56 [信息] [ SectionCode::WriteTxtCode_Class ]         正在写出【程序集】文本代码 [程序集] __HIDDEN_TEMP_MOD__
2025-02-23 09:44:56 [信息] [ SectionCode::WriteTxtCode_Class ]         正在写出【类】文本代码 [类] 普通填表
2025-02-23 09:44:56 [信息] [ SectionCode::WriteTxtCode_Class ]         正在写出【类】文本代码 [类] 外部树型框
2025-02-23 09:44:56 [信息] [ SectionCode::WriteTxtCode_Class ]         正在写出【类】文本代码 [类] 外部控件操作
2025-02-23 09:44:56 [信息] [ SectionCode::WriteTxtCode_Class ]         正在写出【类】文本代码 [类] 类_系统服务
2025-02-23 09:44:56 [信息] [ SectionCode::WriteTxtCode_Class ]         正在写出【类】文本代码 [类] 文件拖放
2025-02-23 09:44:56 [信息] [ SectionCode::WriteTxtCode_Class ]         正在写出【类】文本代码 [类] 注册表操作
2025-02-23 09:44:56 [信息] [ SectionCode::WriteTxtCode_Class ]         正在写出【类】文本代码 [类] 外部超级列表框
2025-02-23 09:44:56 [信息] [ SectionCode::WriteTxtCode_Class ]         正在写出【类】文本代码 [类] 内存共享
2025-02-23 09:44:56 [信息] [ SectionCode::WriteTxtCode_Class ]         正在写出【类】文本代码 [类] ADSL拨号类
2025-02-23 09:44:56 [信息] [ SectionCode::WriteTxtCode_Class ]         正在写出【类】文本代码 [类] 正则表达式类
2025-02-23 09:44:56 [信息] [ SectionCode::WriteTxtCode_Class ]         正在写出【类】文本代码 [类] 类_XMLHTTP
2025-02-23 09:44:56 [信息] [ SectionCode::WriteTxtCode_Class ]         正在写出【类】文本代码 [类] 类_图片组操作类
2025-02-23 09:44:56 [信息] [ SectionCode::WriteTxtCode_Class ]         正在写出【类】文本代码 [类] 字节流
2025-02-23 09:44:56 [信息] [ SectionCode::WriteTxtCode_Class ]         正在写出【类】文本代码 [类] 汇编类
2025-02-23 09:44:56 [信息] [ SectionCode::WriteTxtCode_Class ]         正在写出【类】文本代码 [类] 输入法类
2025-02-23 09:44:56 [信息] [ SectionCode::WriteTxtCode_Class ]         正在写出【类】文本代码 [类] 类_APIHOOK
2025-02-23 09:44:56 [信息] [ SectionCode::WriteTxtCode_Class ]         正在写出【类】文本代码 [类] 类_脚本组件
2025-02-23 09:44:56 [信息] [ SectionCode::WriteTxtCode_Class ]         正在写出【类】文本代码 [类] 类_内存
2025-02-23 09:44:56 [信息] [ SectionCode::WriteTxtCode_Class ]         正在写出【类】文本代码 [类] 类_识图
2025-02-23 09:44:56 [信息] [ SectionCode::WriteTxtCode_Class ]         正在写出【类】文本代码 [类] 类_位图操作
2025-02-23 09:44:56 [信息] [ SectionCode::WriteTxtCode_Class ]         正在写出【类】文本代码 [类] 类_位图处理
2025-02-23 09:44:56 [信息] [ SectionCode::WriteTxtCode_Class ]         正在写出【类】文本代码 [类] 类_ODBC数据库
2025-02-23 09:44:56 [信息] [ SectionCode::WriteTxtCode_Class ]         正在写出【类】文本代码 [类] 类_钩子
2025-02-23 09:44:56 [信息] [ SectionCode::WriteTxtCode_Class ]         正在写出【类】文本代码 [类] 类_线程池
2025-02-23 09:44:56 [信息] [ SectionCode::WriteTxtCode_Class ]         正在写出【类】文本代码 [类] 类_FTP
2025-02-23 09:44:56 [信息] [ SectionCode::WriteTxtCode_Class ]         正在写出【类】文本代码 [类] 类_json
2025-02-23 09:44:56 [信息] [ SectionCode::WriteTxtCode_Class ]         正在写出【类】文本代码 [类] 类_内存配置项
2025-02-23 09:44:56 [信息] [ SectionCode::WriteTxtCode_Class ]         正在写出【类】文本代码 [类] 注册表操作Ex
2025-02-23 09:44:56 [信息] [ SectionCode::WriteTxtCode_Class ]         正在写出【类】文本代码 [类] 类_配置项
2025-02-23 09:44:56 [信息] [ SectionCode::WriteTxtCode_Class ]         正在写出【类】文本代码 [类] 类_CPU信息
2025-02-23 09:44:56 [信息] [ SectionCode::WriteTxtCode_Class ]         正在写出【类】文本代码 [类] 类_系统信息
2025-02-23 09:44:56 [信息] [ SectionCode::WriteTxtCode_Class ]         正在写出【类】文本代码 [类] 类_通用对话框
2025-02-23 09:44:56 [信息] [ SectionCode::WriteTxtCode_Class ]         正在写出【类】文本代码 [类] 类_任务栏
2025-02-23 09:44:56 [信息] [ SectionCode::WriteTxtCode_Class ]         正在写出【类】文本代码 [类] 类_环境存取
2025-02-23 09:44:56 [信息] [ SectionCode::WriteTxtCode_Class ]         正在写出【类】文本代码 [类] 类_时钟
2025-02-23 09:44:56 [信息] [ SectionCode::WriteTxtCode_Class ]         正在写出【类】文本代码 [类] 类_托盘
2025-02-23 09:44:56 [信息] [ SectionCode::WriteTxtCode_Class ]         正在写出【类】文本代码 [类] 类_磁盘信息
2025-02-23 09:44:56 [信息] [ SectionCode::WriteTxtCode_Class ]         正在写出【类】文本代码 [类] 类_邮槽服务端
2025-02-23 09:44:56 [信息] [ SectionCode::WriteTxtCode_Class ]         正在写出【类】文本代码 [类] 类_邮槽客户端
2025-02-23 09:44:56 [信息] [ SectionCode::WriteTxtCode_Class ]         正在写出【类】文本代码 [类] 类_日志输出
2025-02-23 09:44:56 [信息] [ SectionCode::WriteTxtCode_Class ]         正在写出【类】文本代码 [类] 类_Accessible
2025-02-23 09:44:56 [信息] [ SectionCode::WriteTxtCode_Class ]         正在写出【类】文本代码 [类] 类_POST数据类
2025-02-23 09:44:56 [信息] [ SectionCode::WriteTxtCode_Class ]         正在写出【类】文本代码 [类] 类_POST数据类_字节集
2025-02-23 09:44:56 [信息] [ SectionCode::WriteTxtCode_Class ]         正在写出【类】文本代码 [类] 类_队列
2025-02-23 09:44:56 [信息] [ SectionCode::WriteTxtCode_Class ]         正在写出【类】文本代码 [类] 类_快速文本
2025-02-23 09:44:56 [信息] [ SectionCode::WriteTxtCode_Class ]         正在写出【类】文本代码 [类] 类_配置项ex
2025-02-23 09:44:56 [信息] [ SectionCode::WriteTxtCode_Class ]         正在写出【类】文本代码 [类] 类_Cookie
2025-02-23 09:44:56 [信息] [ SectionCode::WriteTxtCode_Class ]         正在写出【类】文本代码 [类] 类_模块枚举
2025-02-23 09:44:56 [信息] [ SectionCode::WriteTxtCode_Class ]         正在写出【类】文本代码 [类] 类_HTML实体
2025-02-23 09:44:56 [信息] [ SectionCode::WriteTxtCode_Class ]         正在写出【类】文本代码 [类] HashMap_StrInt
2025-02-23 09:44:56 [信息] [ SectionCode::WriteTxtCode_Class ]         正在写出【类】文本代码 [类] 类_RegExp
2025-02-23 09:44:56 [信息] [ SectionCode::WriteTxtCode_Class ]         正在写出【类】文本代码 [类] 类_任务栏自身
2025-02-23 09:44:56 [信息] [ SectionCode::WriteTxtCode_Class ]         正在写出【类】文本代码 [类] 类_编辑框菜单
2025-02-23 09:44:56 [信息] [ SectionCode::WriteTxtCode_Class ]         正在写出【类】文本代码 [类] 类_外部选择夹
2025-02-23 09:44:56 [信息] [ SectionCode::WriteTxtCode_Class ]         正在写出【类】文本代码 [类] 类_超级列表框
2025-02-23 09:44:56 [信息] [ SectionCode::WriteTxtCode_Class ]         正在写出【类】文本代码 [类] 类_桌面窗口管理
2025-02-23 09:44:56 [信息] [ SectionCode::WriteTxtCode_Class ]         正在写出【类】文本代码 [类] 类_像素组
2025-02-23 09:44:56 [信息] [ SectionCode::WriteTxtCode_Class ]         正在写出【类】文本代码 [类] 类_图像格式转换类
2025-02-23 09:44:56 [信息] [ SectionCode::WriteTxtCode_Class ]         正在写出【类】文本代码 [类] 类_HOOK_Send
2025-02-23 09:44:56 [信息] [ SectionCode::WriteTxtCode_Class ]         正在写出【类】文本代码 [类] 类_编辑框透明
2025-02-23 09:44:56 [信息] [ SectionCode::WriteTxtCode_Class ]         正在写出【类】文本代码 [类] 类_HOOK_EX
2025-02-23 09:44:56 [信息] [ SectionCode::WriteTxtCode_Class ]         正在写出【类】文本代码 [类] 类_树型框_字节集操作
2025-02-23 09:44:56 [信息] [ SectionCode::WriteTxtCode_Class ]         正在写出【类】文本代码 [类] 类_DOM
2025-02-23 09:44:56 [信息] [ SectionCode::WriteTxtCode_Class ]         正在写出【类】文本代码 [类] 类_DOM_数组
2025-02-23 09:44:56 [信息] [ SectionCode::WriteTxtCode_Class ]         正在写出【类】文本代码 [类] 类_外部状态条
2025-02-23 09:44:56 [信息] [ SectionCode::WriteTxtCode_Class ]         正在写出【类】文本代码 [类] 类_InlineHook
2025-02-23 09:44:56 [信息] [ SectionCode::WriteTxtCode_Class ]         正在写出【类】文本代码 [类] 类_系统音量
2025-02-23 09:44:56 [信息] [ SectionCode::WriteTxtCode_Class ]         正在写出【类】文本代码 [类] 类_屏蔽菜单
2025-02-23 09:44:56 [信息] [ SectionCode::WriteTxtCode_Class ]         正在写出【程序集】文本代码 [程序集] __HIDDEN_TEMP_MOD__
2025-02-23 09:44:56 [信息] [ SectionCode::WriteTxtCode ]               开始写出【DLL】文本代码
2025-02-23 09:44:56 [信息] [ SectionCode::WriteTxtCode_Dlls ]          开始写出【DLL】文本代码
2025-02-23 09:44:56 [信息] [ SectionCode::WriteTxtCode_Dlls ]          完成写出【DLL】文本代码
2025-02-23 09:44:56 [信息] [ SectionCode::WriteTxtCode ]               开始写出【全局变量】文本代码
2025-02-23 09:44:56 [信息] [ SectionCode::WriteTxtCode_GlobalVars ]    开始写出【全局变量】文本代码
2025-02-23 09:44:56 [信息] [ SectionCode::WriteTxtCode_GlobalVars ]    完成写出【全局变量】文本代码
2025-02-23 09:44:56 [信息] [ SectionCode::WriteTxtCode ]               开始写出【自定义数据】文本代码
2025-02-23 09:44:56 [信息] [ SectionCode::WriteTxtCode_Structs ]       开始写出【自定义】文本代码
2025-02-23 09:44:56 [信息] [ SectionCode::WriteTxtCode_Structs ]       完成写出【自定义】文本代码
2025-02-23 09:44:56 [信息] [ SectionCode::WriteTxtCode ]               开始写出【支持库】信息
2025-02-23 09:44:56 [信息] [ SectionCode::WriteTxtCode ]               开始写出【图标】文件 [路径] E:/BaiduNetdiskDownload/6.11源码/Source202405211602/Source/后台管理工具2017.代码/图标.ico
2025-02-23 09:44:56 [信息] [ SectionCode::WriteTxtCode ]               完成写出文本代码
2025-02-23 09:44:57 [信息] [ SectionCode::WriteClasses ]               开始写出【类/程序集】数据
2025-02-23 09:44:57 [信息] [ SectionCode::WriteClasses ]               完成写出【类/程序集】数据
2025-02-23 09:44:57 [信息] [ SectionCode::WriteStructs ]               开始写出【自定义】数据
2025-02-23 09:44:57 [信息] [ SectionCode::WriteStructs ]               完成写出【自定义】数据
